2022-10-27 17:03:33,408 DEBUG    root            Loaded Command Group: ['gcloud', 'config']
2022-10-27 17:03:33,410 DEBUG    root            Loaded Command Group: ['gcloud', 'config', 'config_helper']
2022-10-27 17:03:33,412 DEBUG    root            Running [gcloud.config.config-helper] with arguments: [--format: "json"]
2022-10-27 17:03:33,427 DEBUG    google.auth.transport.requests Making request: GET http://metadata.google.internal/computeMetadata/v1/instance/service-accounts/gon19006@byui.edu/?recursive=true
2022-10-27 17:03:33,429 DEBUG    urllib3.connectionpool Starting new HTTP connection (1): metadata.google.internal:80
2022-10-27 17:03:33,433 DEBUG    urllib3.connectionpool http://metadata.google.internal:80 "GET /computeMetadata/v1/instance/service-accounts/gon19006@byui.edu/?recursive=true HTTP/1.1" 200 None
2022-10-27 17:03:33,434 DEBUG    google.auth.transport.requests Making request: GET http://metadata.google.internal/computeMetadata/v1/instance/service-accounts/gon19006@byui.edu/token
2022-10-27 17:03:33,436 DEBUG    urllib3.connectionpool Resetting dropped connection: metadata.google.internal
2022-10-27 17:03:33,440 DEBUG    urllib3.connectionpool http://metadata.google.internal:80 "GET /computeMetadata/v1/instance/service-accounts/gon19006@byui.edu/token HTTP/1.1" 200 None
2022-10-27 17:03:33,458 INFO     root            Display format: "default json"
2022-10-27 17:03:33,458 INFO     ___FILE_ONLY___ {
  "configuration": {
    "active_configuration": "default",
    "properties": {
      "accessibility": {
        "screen_reader": "True"
      },
      "component_manager": {
        "disable_update_check": "True"
      },
      "compute": {
        "gce_metadata_read_timeout_sec": "30"
      },
      "core": {
        "account": "gon19006@byui.edu",
        "disable_usage_reporting": "True"
      },
      "metrics": {
        "environment": "cloudcode.vscode",
        "environment_version": "1.19.0"
      }
    }
  },
  "credential": {
    "access_token": "ya29.a0Aa4xrXPXjxjiTiljtGN2DSpdij2OQTZxAh6y1z2TV73GLs_J6vof37NzDAV4XG1TkikXbudLUFIxf29U-DOny75nEoNCJVMc1fW5qcI3l6ifjszpwGH6no_XIHJuoC0Md-OEvPgtsSlDk5BMIu22_e69TGdF-i7a8p7L2U6TGYIUoiviYZEzvQfRWjZY31zwo9iVsfyKvzqlxl-WWH5KTiJr5ckOJKnST3yAPl9dRIf91ltFs6aHibghU9CoBGczFjgIELkaCgYKATASARISFQEjDvL9RiOeV7Uj3i0kFfDT0nfNjQ0270",
    "id_token": "eyJhbGciOiJSUzI1NiIsImtpZCI6ImVlMWI5Zjg4Y2ZlMzE1MWRkZDI4NGE2MWJmOGNlY2Y2NTliMTMwY2YiLCJ0eXAiOiJKV1QifQ.eyJpc3MiOiJhY2NvdW50cy5nb29nbGUuY29tIiwiYXpwIjoiNjE4MTA0NzA4MDU0LTlyOXMxYzRhbGczNmVybGl1Y2hvOXQ1Mm4zMm42ZGdxLmFwcHMuZ29vZ2xldXNlcmNvbnRlbnQuY29tIiwiYXVkIjoiNjE4MTA0NzA4MDU0LTlyOXMxYzRhbGczNmVybGl1Y2hvOXQ1Mm4zMm42ZGdxLmFwcHMuZ29vZ2xldXNlcmNvbnRlbnQuY29tIiwic3ViIjoiMTAyNTAyNDE3MjkyMjQ3NTY1ODcyIiwiaGQiOiJieXVpLmVkdSIsImVtYWlsIjoiZ29uMTkwMDZAYnl1aS5lZHUiLCJlbWFpbF92ZXJpZmllZCI6dHJ1ZSwiYXRfaGFzaCI6InNaX2dEbk45c3pVTjBDVTZ1OS1KTGciLCJpYXQiOjE2NjY4OTAxMjIsImV4cCI6MTY2Njg5MzcyMiwianRpIjoiZGY1MjM3NTg0ZmM0YTBlNGU0ZDhiMTM5YjFlZjY2ODIwZDVhYTVjMiJ9.HBspEktnWvSczBrt3eqAfajfQhE9WeXRjpQ8ouoAa87QMYBeCAxgC3Y8a_QKNRl_0QPaJEsjCwGOvcj_DivKv1dz_G9f-2u_Ps928h0IXSuu0r6ODKeFgwLbeyOr4PgfH6OUXe7piyBXCV3NwA5Uk5rJHbtJLm3Lf01XgtWZSUu1z0KO_16RgAZP-xH8zP_VD8VkCFhBOY0K1T_7-Saj3EL7uboEQvU8J7-OgLEeT_RtcBqgWoEhQTzs5wncvGUulu-5a0-TfM6LqnsXAMjxzfb0VTkfu2I6GUcX7IdDlmgSlZIa83c0wPzol86EVp6dmiySb6prhG2oUJMuvv9fVA",
    "token_expiry": "2022-10-27T18:01:59Z"
  },
  "sentinels": {
    "config_sentinel": "/home/gon19006/.config/gcloud/config_sentinel"
  }
}
2022-10-27 17:03:33,459 INFO     ___FILE_ONLY___ 

2022-10-27 17:03:33,459 DEBUG    root            SDK update checks are disabled.
