2022-10-25 17:11:06,509 DEBUG    root            Loaded Command Group: ['gcloud', 'config']
2022-10-25 17:11:06,513 DEBUG    root            Loaded Command Group: ['gcloud', 'config', 'config_helper']
2022-10-25 17:11:06,516 DEBUG    root            Running [gcloud.config.config-helper] with arguments: [--format: "json"]
2022-10-25 17:11:06,534 DEBUG    google.auth.transport.requests Making request: GET http://metadata.google.internal/computeMetadata/v1/instance/service-accounts/gon19006@byui.edu/?recursive=true
2022-10-25 17:11:06,538 DEBUG    urllib3.connectionpool Starting new HTTP connection (1): metadata.google.internal:80
2022-10-25 17:11:06,542 DEBUG    urllib3.connectionpool http://metadata.google.internal:80 "GET /computeMetadata/v1/instance/service-accounts/gon19006@byui.edu/?recursive=true HTTP/1.1" 200 None
2022-10-25 17:11:06,544 DEBUG    google.auth.transport.requests Making request: GET http://metadata.google.internal/computeMetadata/v1/instance/service-accounts/gon19006@byui.edu/token
2022-10-25 17:11:06,546 DEBUG    urllib3.connectionpool Resetting dropped connection: metadata.google.internal
2022-10-25 17:11:06,549 DEBUG    urllib3.connectionpool http://metadata.google.internal:80 "GET /computeMetadata/v1/instance/service-accounts/gon19006@byui.edu/token HTTP/1.1" 200 None
2022-10-25 17:11:06,569 INFO     root            Display format: "default json"
2022-10-25 17:11:06,570 INFO     ___FILE_ONLY___ {
  "configuration": {
    "active_configuration": "default",
    "properties": {
      "accessibility": {
        "screen_reader": "True"
      },
      "component_manager": {
        "disable_update_check": "True"
      },
      "compute": {
        "gce_metadata_read_timeout_sec": "30"
      },
      "core": {
        "account": "gon19006@byui.edu",
        "disable_usage_reporting": "True"
      },
      "metrics": {
        "environment": "cloudcode.vscode",
        "environment_version": "1.19.0"
      }
    }
  },
  "credential": {
    "access_token": "ya29.a0Aa4xrXM2z-InVUSy0FMwHifmEpNj7tntqbSM9PWnNW-Vxd2hiOIq0UboO3kqWFyDjW4pdaR-uR6-_VdItNreElZTZ8iYqWaZUoEo_E94_XqtXri53uOlSYIdn7fllmmS8gMRXSLD7VBlmjfqdC7R9y_tFzWHNgiU-OsFwHRyk1sowio9vWxvIFpP6_rMDpO7GbRXTpyma_qORze_b6Savuu5JUKIoNu0viHOOQWuqWpiTVuqiu1gY0NbqUJ7oz6A5vcqRugaCgYKATASARISFQEjDvL9RloGXQlcUYB_rMdjcKRxDQ0270",
    "id_token": "eyJhbGciOiJSUzI1NiIsImtpZCI6ImVlMWI5Zjg4Y2ZlMzE1MWRkZDI4NGE2MWJmOGNlY2Y2NTliMTMwY2YiLCJ0eXAiOiJKV1QifQ.eyJpc3MiOiJhY2NvdW50cy5nb29nbGUuY29tIiwiYXpwIjoiNjE4MTA0NzA4MDU0LTlyOXMxYzRhbGczNmVybGl1Y2hvOXQ1Mm4zMm42ZGdxLmFwcHMuZ29vZ2xldXNlcmNvbnRlbnQuY29tIiwiYXVkIjoiNjE4MTA0NzA4MDU0LTlyOXMxYzRhbGczNmVybGl1Y2hvOXQ1Mm4zMm42ZGdxLmFwcHMuZ29vZ2xldXNlcmNvbnRlbnQuY29tIiwic3ViIjoiMTAyNTAyNDE3MjkyMjQ3NTY1ODcyIiwiaGQiOiJieXVpLmVkdSIsImVtYWlsIjoiZ29uMTkwMDZAYnl1aS5lZHUiLCJlbWFpbF92ZXJpZmllZCI6dHJ1ZSwiYXRfaGFzaCI6IkJvbUNjRmpoNkRrdDVHcTV2aEU1WkEiLCJpYXQiOjE2NjY3MTcyNjUsImV4cCI6MTY2NjcyMDg2NSwianRpIjoiNDA0OGM3MjdkMzI0MjRkZDdlY2JlMWZiZmQxM2M2NGQxNmQ4MmU4MiJ9.G7Yse-KS8LVRXfCX2hDmgqCEzjdl-lupGDUqiZ3kdODrugcNEmV9Om7zlY4m-FeacczAHhbfLSPhwOGe6LSjfV2l9ZIkQq_XbRipFZ9UAVxRWlQwlnfWenLbAeXTp1p3bqFr6sZzWuZomkQuT0FhaqpzpDf3RSlhVVWWzUwAJFFJE8xvEmcfoiItvboE_9Ug5Fvnnq5eCU1FwLc5pbhVzyjJpkHTOlE1rJjIf70v1DAC1zW9UX9C2VCUC13J2VjuOrAc_poBaarwlqUvHtHPImWsgUF_4dlsXn6meERaYNJUr5CyHwGcoiFCPr_n2C6WCzcy4wH-G0hg11sS3mTm-w",
    "token_expiry": "2022-10-25T18:01:03Z"
  },
  "sentinels": {
    "config_sentinel": "/home/gon19006/.config/gcloud/config_sentinel"
  }
}
2022-10-25 17:11:06,571 INFO     ___FILE_ONLY___ 

2022-10-25 17:11:06,571 DEBUG    root            SDK update checks are disabled.
