2022-07-17 01:11:21,524 DEBUG    root            Loaded Command Group: ['gcloud', 'config']
2022-07-17 01:11:21,532 DEBUG    root            Loaded Command Group: ['gcloud', 'config', 'config_helper']
2022-07-17 01:11:21,536 DEBUG    root            Running [gcloud.config.config-helper] with arguments: [--format: "json"]
2022-07-17 01:11:24,567 DEBUG    google.auth.transport.requests Making request: GET http://metadata.google.internal/computeMetadata/v1/instance/service-accounts/gon19006@byui.edu/?recursive=true
2022-07-17 01:11:24,571 DEBUG    urllib3.connectionpool Starting new HTTP connection (1): metadata.google.internal:80
2022-07-17 01:11:24,573 DEBUG    urllib3.connectionpool http://metadata.google.internal:80 "GET /computeMetadata/v1/instance/service-accounts/gon19006@byui.edu/?recursive=true HTTP/1.1" 200 None
2022-07-17 01:11:24,574 DEBUG    google.auth.transport.requests Making request: GET http://metadata.google.internal/computeMetadata/v1/instance/service-accounts/gon19006@byui.edu/token
2022-07-17 01:11:24,576 DEBUG    urllib3.connectionpool Resetting dropped connection: metadata.google.internal
2022-07-17 01:11:24,578 DEBUG    urllib3.connectionpool http://metadata.google.internal:80 "GET /computeMetadata/v1/instance/service-accounts/gon19006@byui.edu/token HTTP/1.1" 200 None
2022-07-17 01:11:24,592 INFO     root            Display format: "default json"
2022-07-17 01:11:24,593 INFO     ___FILE_ONLY___ {
  "configuration": {
    "active_configuration": "default",
    "properties": {
      "accessibility": {
        "screen_reader": "True"
      },
      "component_manager": {
        "disable_update_check": "True"
      },
      "compute": {
        "gce_metadata_read_timeout_sec": "30"
      },
      "core": {
        "account": "gon19006@byui.edu",
        "disable_usage_reporting": "True"
      },
      "metrics": {
        "environment": "cloudcode.vscode",
        "environment_version": "1.18.3"
      }
    }
  },
  "credential": {
    "access_token": "ya29.A0AVA9y1tzqJxpul0lXhhqPy82eovhJjrsMI8GRnafUc7wA9-39gMzUrI8vpAu4kJBQgcRD5Y5_4IhpiSFos76kiwAAmmbrDTiatldEXuLrKBAcVSoMf9E5yIKmPK2vMWfyhBh4wIDXmsmaMU4-lyqTy5kIOVGQN454UuvqAU9rfoUN-dCDg_iPRtNOFjh-u59FwbTRm21gGyEQwkDc2QVC19s0JxTGpRbbbY_lR5ik5oWJcUqbw7V-jZl2xaoeDwdVce92G0YUNnWUtBVEFTQVRBU0ZRRTY1ZHI4UE12Q3dWY3RtSU9lX3ZvTFpHX0Vfdw0270",
    "id_token": "eyJhbGciOiJSUzI1NiIsImtpZCI6IjYzMWZhZTliNTk0MGEyZDFmYmZmYjAwNDAzZDRjZjgwYTIxYmUwNGUiLCJ0eXAiOiJKV1QifQ.eyJpc3MiOiJhY2NvdW50cy5nb29nbGUuY29tIiwiYXpwIjoiNjE4MTA0NzA4MDU0LTlyOXMxYzRhbGczNmVybGl1Y2hvOXQ1Mm4zMm42ZGdxLmFwcHMuZ29vZ2xldXNlcmNvbnRlbnQuY29tIiwiYXVkIjoiNjE4MTA0NzA4MDU0LTlyOXMxYzRhbGczNmVybGl1Y2hvOXQ1Mm4zMm42ZGdxLmFwcHMuZ29vZ2xldXNlcmNvbnRlbnQuY29tIiwic3ViIjoiMTAyNTAyNDE3MjkyMjQ3NTY1ODcyIiwiaGQiOiJieXVpLmVkdSIsImVtYWlsIjoiZ29uMTkwMDZAYnl1aS5lZHUiLCJlbWFpbF92ZXJpZmllZCI6dHJ1ZSwiYXRfaGFzaCI6IkRBbG5VNWU2LXZfM3k1WVlfU2x2ckEiLCJpYXQiOjE2NTgwMjAyNjQsImV4cCI6MTY1ODAyMzg2NCwianRpIjoiNTI3OWQ3NDBkNGNkNTY5M2YwNjc3NjM5NGU3ZjI0MjQ4NWZmMWExYSJ9.PgG36eWe9fLyS53aOsPFk_RESHX516IMFz4moXEXuz0JMrDYkKeGe0FN-GuRnVCHa1GjvgIsPgLXzSKOCva8bol1IMLc24WofkYyB7QSXnaoVt9nRvHPzXRj3_7rPAj1aeZXrFWJeJb608IeBmoDNWDriMRIzVAZcRD9LSfx4M3jfndeo4nPLVZJSwb4bJdJXrfJVxkh9CUSPvYNPa0wgqXI7S2xtz9rnt8keLK1P2sl6lbXsmUIaX3Pxlz6GCcgdfPDEz-G9qmieef9Gzz2RCqY9v9wIGEuX76mBlGCNXd3sDjFFFGLkJCcFIlozmtDFlpiyjeO2WOfanAQrY7X4Q",
    "token_expiry": "2022-07-17T02:11:01Z"
  },
  "sentinels": {
    "config_sentinel": "/home/gon19006/.config/gcloud/config_sentinel"
  }
}
2022-07-17 01:11:24,593 INFO     ___FILE_ONLY___ 

2022-07-17 01:11:24,593 DEBUG    root            SDK update checks are disabled.
