0 verbose cli [
0 verbose cli   '/usr/local/nvm/versions/node/v12.14.1/bin/node',
0 verbose cli   '/usr/local/nvm/versions/node/v12.14.1/bin/npm',
0 verbose cli   'install'
0 verbose cli ]
1 info using npm@8.5.5
2 info using node@v12.14.1
3 timing npm:load:whichnode Completed in 0ms
4 timing config:load:defaults Completed in 2ms
5 timing config:load:file:/usr/local/nvm/versions/node/v12.14.1/lib/node_modules/npm/npmrc Completed in 2ms
6 timing config:load:builtin Completed in 2ms
7 timing config:load:cli Completed in 2ms
8 timing config:load:env Completed in 2ms
9 timing config:load:file:/home/gon19006/cit270-rest-api/.npmrc Completed in 0ms
10 timing config:load:project Completed in 1ms
11 timing config:load:file:/home/gon19006/.npmrc Completed in 1ms
12 timing config:load:user Completed in 1ms
13 timing config:load:file:/usr/local/nvm/versions/node/v12.14.1/etc/npmrc Completed in 0ms
14 timing config:load:global Completed in 0ms
15 timing config:load:validate Completed in 2ms
16 timing config:load:credentials Completed in 1ms
17 timing config:load:setEnvs Completed in 1ms
18 timing config:load Completed in 14ms
19 timing npm:load:configload Completed in 14ms
20 timing npm:load:setTitle Completed in 1ms
21 timing config:load:flatten Completed in 2ms
22 timing npm:load:display Completed in 4ms
23 verbose logfile /home/gon19006/.npm/_logs/2022-03-25T22_52_55_850Z-debug-0.log
24 timing npm:load:logFile Completed in 5ms
25 timing npm:load:timers Completed in 0ms
26 timing npm:load:configScope Completed in 0ms
27 timing npm:load Completed in 24ms
28 timing arborist:ctor Completed in 1ms
29 timing idealTree:init Completed in 61ms
30 timing idealTree:userRequests Completed in 0ms
31 silly idealTree buildDeps
32 timing idealTree:#root Completed in 0ms
33 timing idealTree:buildDeps Completed in 2ms
34 timing idealTree:fixDepFlags Completed in 0ms
35 timing idealTree Completed in 66ms
36 verbose shrinkwrap failed to load node_modules/.package-lock.json out of date, updated: node_modules/express
37 timing reify:loadTrees Completed in 132ms
38 timing reify:diffTrees Completed in 4ms
39 silly reify moves {}
40 timing reify:retireShallow Completed in 1ms
41 timing reify:createSparse Completed in 0ms
42 timing reify:loadBundles Completed in 0ms
43 silly audit bulk request {
43 silly audit   accepts: [ '1.3.7' ],
43 silly audit   'array-flatten': [ '1.1.1' ],
43 silly audit   'body-parser': [ '1.19.1' ],
43 silly audit   bytes: [ '3.1.1' ],
43 silly audit   charenc: [ '0.0.2' ],
43 silly audit   'content-disposition': [ '0.5.4' ],
43 silly audit   'content-type': [ '1.0.4' ],
43 silly audit   cookie: [ '0.4.1' ],
43 silly audit   'cookie-signature': [ '1.0.6' ],
43 silly audit   crypt: [ '0.0.2' ],
43 silly audit   debug: [ '2.6.9' ],
43 silly audit   depd: [ '1.1.2' ],
43 silly audit   destroy: [ '1.0.4' ],
43 silly audit   'ee-first': [ '1.1.1' ],
43 silly audit   encodeurl: [ '1.0.2' ],
43 silly audit   'escape-html': [ '1.0.3' ],
43 silly audit   etag: [ '1.8.1' ],
43 silly audit   express: [ '4.17.2' ],
43 silly audit   finalhandler: [ '1.1.2' ],
43 silly audit   forwarded: [ '0.2.0' ],
43 silly audit   fresh: [ '0.5.2' ],
43 silly audit   'http-errors': [ '1.8.1' ],
43 silly audit   'iconv-lite': [ '0.4.24' ],
43 silly audit   inherits: [ '2.0.4' ],
43 silly audit   'ipaddr.js': [ '1.9.1' ],
43 silly audit   'is-buffer': [ '1.1.6' ],
43 silly audit   md5: [ '2.3.0' ],
43 silly audit   'media-typer': [ '0.3.0' ],
43 silly audit   'merge-descriptors': [ '1.0.1' ],
43 silly audit   methods: [ '1.1.2' ],
43 silly audit   mime: [ '1.6.0' ],
43 silly audit   'mime-db': [ '1.51.0' ],
43 silly audit   'mime-types': [ '2.1.34' ],
43 silly audit   ms: [ '2.0.0', '2.1.3' ],
43 silly audit   negotiator: [ '0.6.2' ],
43 silly audit   'on-finished': [ '2.3.0' ],
43 silly audit   parseurl: [ '1.3.3' ],
43 silly audit   'path-to-regexp': [ '0.1.7' ],
43 silly audit   'proxy-addr': [ '2.0.7' ],
43 silly audit   qs: [ '6.9.6' ],
43 silly audit   'range-parser': [ '1.2.1' ],
43 silly audit   'raw-body': [ '2.4.2' ],
43 silly audit   'safe-buffer': [ '5.2.1' ],
43 silly audit   'safer-buffer': [ '2.1.2' ],
43 silly audit   send: [ '0.17.2' ],
43 silly audit   'serve-static': [ '1.14.2' ],
43 silly audit   setprototypeof: [ '1.2.0' ],
43 silly audit   statuses: [ '1.5.0' ],
43 silly audit   toidentifier: [ '1.0.1' ],
43 silly audit   'type-is': [ '1.6.18' ],
43 silly audit   unpipe: [ '1.0.0' ],
43 silly audit   'utils-merge': [ '1.0.1' ],
43 silly audit   vary: [ '1.1.2' ]
43 silly audit }
44 timing reify:unpack Completed in 3ms
45 timing reify:unretire Completed in 0ms
46 timing build:queue Completed in 0ms
47 timing build:deps Completed in 1ms
48 timing build Completed in 1ms
49 timing reify:build Completed in 1ms
50 timing reify:trash Completed in 0ms
51 timing reify:save Completed in 18ms
52 http fetch POST 200 https://registry.yarnpkg.com/-/npm/v1/security/advisories/bulk 163ms
53 timing auditReport:getReport Completed in 167ms
54 silly audit report {}
55 timing auditReport:init Completed in 0ms
56 timing reify:audit Completed in 169ms
57 timing reify Completed in 319ms
58 timing command:install Completed in 329ms
59 verbose exit 0
60 timing npm Completed in 562ms
61 info ok
