2022-12-10 01:15:20,954 DEBUG    root            Loaded Command Group: ['gcloud', 'config']
2022-12-10 01:15:20,969 DEBUG    root            Loaded Command Group: ['gcloud', 'config', 'config_helper']
2022-12-10 01:15:20,975 DEBUG    root            Running [gcloud.config.config-helper] with arguments: [--format: "json", --quiet: "True"]
2022-12-10 01:15:21,010 DEBUG    google.auth.transport.requests Making request: GET http://metadata.google.internal/computeMetadata/v1/instance/service-accounts/gon19006@byui.edu/?recursive=true
2022-12-10 01:15:21,022 DEBUG    urllib3.connectionpool Starting new HTTP connection (1): metadata.google.internal:80
2022-12-10 01:15:21,032 DEBUG    urllib3.connectionpool http://metadata.google.internal:80 "GET /computeMetadata/v1/instance/service-accounts/gon19006@byui.edu/?recursive=true HTTP/1.1" 200 None
2022-12-10 01:15:21,034 DEBUG    google.auth.transport.requests Making request: GET http://metadata.google.internal/computeMetadata/v1/instance/service-accounts/gon19006@byui.edu/token
2022-12-10 01:15:21,068 DEBUG    urllib3.connectionpool Resetting dropped connection: metadata.google.internal
2022-12-10 01:15:21,097 DEBUG    urllib3.connectionpool http://metadata.google.internal:80 "GET /computeMetadata/v1/instance/service-accounts/gon19006@byui.edu/token HTTP/1.1" 200 None
2022-12-10 01:15:21,424 INFO     root            Display format: "default json"
2022-12-10 01:15:21,449 INFO     ___FILE_ONLY___ {
  "configuration": {
    "active_configuration": "default",
    "properties": {
      "accessibility": {
        "screen_reader": "True"
      },
      "component_manager": {
        "disable_update_check": "True"
      },
      "compute": {
        "gce_metadata_read_timeout_sec": "30"
      },
      "core": {
        "account": "gon19006@byui.edu",
        "disable_prompts": "True",
        "disable_usage_reporting": "True",
        "print_unhandled_tracebacks": "true"
      },
      "metrics": {
        "environment": "cloudcode.vscode",
        "environment_version": "1.19.0"
      }
    }
  },
  "credential": {
    "access_token": "ya29.a0AeTM1ife7GGj6QutDsXJGKmgxE6FCfyQLr6jnjKu4l0Lfy4z5WZTdvNxSWh73qSu4AO2iAOxOYc76dPEaukBlwJQRhO6zuw8fcUErVvuRYozB5pv8jP_mlfXvv3DsMG443cGnwOIRlxrNBtsjx_RDgwO5Mf6ePV2OavIAM6OAf8vfyYc0Lnl6sjQpcfoK1dW2xUHoLl5gcTygsi1wlc2i_z__BO4779U1VyUhpWKaCgYKAWwSARISFQHWtWOm3ElpYYyVaglvOfaPmqGXug0239",
    "id_token": "eyJhbGciOiJSUzI1NiIsImtpZCI6IjU1MmRlMjdmNTE1NzM3NTM5NjAwZDg5YjllZTJlNGVkNTM1ZmI1MTkiLCJ0eXAiOiJKV1QifQ.eyJpc3MiOiJhY2NvdW50cy5nb29nbGUuY29tIiwiYXpwIjoiNjE4MTA0NzA4MDU0LTlyOXMxYzRhbGczNmVybGl1Y2hvOXQ1Mm4zMm42ZGdxLmFwcHMuZ29vZ2xldXNlcmNvbnRlbnQuY29tIiwiYXVkIjoiNjE4MTA0NzA4MDU0LTlyOXMxYzRhbGczNmVybGl1Y2hvOXQ1Mm4zMm42ZGdxLmFwcHMuZ29vZ2xldXNlcmNvbnRlbnQuY29tIiwic3ViIjoiMTAyNTAyNDE3MjkyMjQ3NTY1ODcyIiwiaGQiOiJieXVpLmVkdSIsImVtYWlsIjoiZ29uMTkwMDZAYnl1aS5lZHUiLCJlbWFpbF92ZXJpZmllZCI6dHJ1ZSwiYXRfaGFzaCI6IjFqSUVHclB6UE9Oc05RQkQ0YWxucUEiLCJpYXQiOjE2NzA2MzQ4NzIsImV4cCI6MTY3MDYzODQ3MiwianRpIjoiZjllM2FkZDE3MDBhNjY1MjQyNjY4ODNkNWY1NjBhZGUwYTdkMGNjMCJ9.Nbl8jAk0A6YhAwYR1gnXl8gC6bpefDboCf1kgSS359ltrHzFxV3o9qFnH-AXlrc99zzOLHqlYwJzfGw8zB2nlXzLp6czdpA6TGqEHxBixZw9Knmwr_GgQqRbSNd-v-txsnE3bMawS6o2ITSgvNJ5WiSupfI55jIjlks79UIENH4kFwVSxuj_8MsSR_BaIjGXP1rCUZkY2ttZ8YjtjHxfKDoIHdO4GAZydr_LscQRYEvlGW-OGAcVRj8spllOs80t10soCAJN2_gggs6D0gzjlIquDuL0RpBKliTe-6F88MQKtHGgMB96IVDiucCs6CGnDB8-YpM0xyOk04e6Ep6acA",
    "token_expiry": "2022-12-10T02:14:29Z"
  },
  "sentinels": {
    "config_sentinel": "/home/gon19006/.config/gcloud/config_sentinel"
  }
}
2022-12-10 01:15:21,449 INFO     ___FILE_ONLY___ 

2022-12-10 01:15:21,450 DEBUG    root            SDK update checks are disabled.
