2022-11-08 16:58:34,823 DEBUG    root            Loaded Command Group: ['gcloud', 'config']
2022-11-08 16:58:34,835 DEBUG    root            Loaded Command Group: ['gcloud', 'config', 'config_helper']
2022-11-08 16:58:34,837 DEBUG    root            Running [gcloud.config.config-helper] with arguments: [--format: "json"]
2022-11-08 16:58:37,877 DEBUG    google.auth.transport.requests Making request: GET http://metadata.google.internal/computeMetadata/v1/instance/service-accounts/gon19006@byui.edu/?recursive=true
2022-11-08 16:58:37,881 DEBUG    urllib3.connectionpool Starting new HTTP connection (1): metadata.google.internal:80
2022-11-08 16:58:37,883 DEBUG    urllib3.connectionpool http://metadata.google.internal:80 "GET /computeMetadata/v1/instance/service-accounts/gon19006@byui.edu/?recursive=true HTTP/1.1" 200 None
2022-11-08 16:58:37,884 DEBUG    google.auth.transport.requests Making request: GET http://metadata.google.internal/computeMetadata/v1/instance/service-accounts/gon19006@byui.edu/token
2022-11-08 16:58:37,885 DEBUG    urllib3.connectionpool Resetting dropped connection: metadata.google.internal
2022-11-08 16:58:37,889 DEBUG    urllib3.connectionpool http://metadata.google.internal:80 "GET /computeMetadata/v1/instance/service-accounts/gon19006@byui.edu/token HTTP/1.1" 200 None
2022-11-08 16:58:37,909 INFO     root            Display format: "default json"
2022-11-08 16:58:37,910 INFO     ___FILE_ONLY___ {
  "configuration": {
    "active_configuration": "default",
    "properties": {
      "accessibility": {
        "screen_reader": "True"
      },
      "component_manager": {
        "disable_update_check": "True"
      },
      "compute": {
        "gce_metadata_read_timeout_sec": "30"
      },
      "core": {
        "account": "gon19006@byui.edu",
        "disable_usage_reporting": "True"
      },
      "metrics": {
        "environment": "cloudcode.vscode",
        "environment_version": "1.19.0"
      }
    }
  },
  "credential": {
    "access_token": "ya29.a0AeTM1ifIouth86TeWPfc8lXIgQbB5Iec_LeysGc9_9PxtWFSgZ6zC-LOUZc8AUk0srIlGUNzQOc7-L-9WF1UfmLVimEiRGNOaSXv0Ddb-UeNeczs7crUrTk6yqcodtOJlIBrsMX0Y1NPZQgROZTzDWA1yHjfQaO_TA1XY6TtwgJ-EyKzM7rflxnz9OmA1qpYNkmW3NnpraB2o-Anmi3NZO6rP-jEakxoQ7QfYABaC7CY3rgbF_vm9LfDaxeuzML6HdjOff7NbgaCgYKAW8SARISFQHWtWOmPk6xPTN6LGn8dF2BTbgZBQ0273",
    "id_token": "eyJhbGciOiJSUzI1NiIsImtpZCI6ImY0NTEzNDVmYWQwODEwMWJmYjM0NWNmNjQyYTJkYTkyNjdiOWViZWIiLCJ0eXAiOiJKV1QifQ.eyJpc3MiOiJhY2NvdW50cy5nb29nbGUuY29tIiwiYXpwIjoiNjE4MTA0NzA4MDU0LTlyOXMxYzRhbGczNmVybGl1Y2hvOXQ1Mm4zMm42ZGdxLmFwcHMuZ29vZ2xldXNlcmNvbnRlbnQuY29tIiwiYXVkIjoiNjE4MTA0NzA4MDU0LTlyOXMxYzRhbGczNmVybGl1Y2hvOXQ1Mm4zMm42ZGdxLmFwcHMuZ29vZ2xldXNlcmNvbnRlbnQuY29tIiwic3ViIjoiMTAyNTAyNDE3MjkyMjQ3NTY1ODcyIiwiaGQiOiJieXVpLmVkdSIsImVtYWlsIjoiZ29uMTkwMDZAYnl1aS5lZHUiLCJlbWFpbF92ZXJpZmllZCI6dHJ1ZSwiYXRfaGFzaCI6IndaeXF4RXVkeFlpLTJYaXkyTlRmMUEiLCJpYXQiOjE2Njc5MjY2OTcsImV4cCI6MTY2NzkzMDI5NywianRpIjoiY2IwN2U0ZWJlZTg5ODIyMjE5YzU2MmY0NmMyNDY2YzNjMjBmM2UzNiJ9.CJfEkAdMm6AMsHiVadOBJfzJvbNnW1UY3T5Dwib9OUtilfWI49Vs37rWCsEUxwk53nqEjGFP8-xw4Dhbd_Fb7bULyzfrR1eAWPH3s70zAjODPQZiRU7SO81Crjng9qPXl_s71oH3LYTJ4P3GkWEaBDol7os4DuJJ1YruhtIKkILD6h0rzKkk8R9_5p5WLskL-teuXql7ZBZ1wmbKnsJ7cmdQx7QjEBObXq_6GaUEaasGpS6z2T-gFAcVJe0GPsFhL_HmV-cl7Hv5IH-HAuOXQ3lcFKA7YzppBd42Dd5UTG4YcgpbiqQolV9ZIk5ZMhJIti0Z5-GLez-gvGLrRgvqbw",
    "token_expiry": "2022-11-08T17:58:14Z"
  },
  "sentinels": {
    "config_sentinel": "/home/gon19006/.config/gcloud/config_sentinel"
  }
}
2022-11-08 16:58:37,910 INFO     ___FILE_ONLY___ 

2022-11-08 16:58:37,911 DEBUG    root            SDK update checks are disabled.
