2022-12-09 07:31:45,886 DEBUG    root            Loaded Command Group: ['gcloud', 'config']
2022-12-09 07:31:45,889 DEBUG    root            Loaded Command Group: ['gcloud', 'config', 'config_helper']
2022-12-09 07:31:45,892 DEBUG    root            Running [gcloud.config.config-helper] with arguments: [--format: "json"]
2022-12-09 07:31:48,914 DEBUG    google.auth.transport.requests Making request: GET http://metadata.google.internal/computeMetadata/v1/instance/service-accounts/gon19006@byui.edu/?recursive=true
2022-12-09 07:31:48,918 DEBUG    urllib3.connectionpool Starting new HTTP connection (1): metadata.google.internal:80
2022-12-09 07:31:48,922 DEBUG    urllib3.connectionpool http://metadata.google.internal:80 "GET /computeMetadata/v1/instance/service-accounts/gon19006@byui.edu/?recursive=true HTTP/1.1" 200 None
2022-12-09 07:31:48,923 DEBUG    google.auth.transport.requests Making request: GET http://metadata.google.internal/computeMetadata/v1/instance/service-accounts/gon19006@byui.edu/token
2022-12-09 07:31:48,925 DEBUG    urllib3.connectionpool Resetting dropped connection: metadata.google.internal
2022-12-09 07:31:48,928 DEBUG    urllib3.connectionpool http://metadata.google.internal:80 "GET /computeMetadata/v1/instance/service-accounts/gon19006@byui.edu/token HTTP/1.1" 200 None
2022-12-09 07:31:48,946 INFO     root            Display format: "default json"
2022-12-09 07:31:48,947 INFO     ___FILE_ONLY___ {
  "configuration": {
    "active_configuration": "default",
    "properties": {
      "accessibility": {
        "screen_reader": "True"
      },
      "component_manager": {
        "disable_update_check": "True"
      },
      "compute": {
        "gce_metadata_read_timeout_sec": "30"
      },
      "core": {
        "account": "gon19006@byui.edu",
        "disable_usage_reporting": "True"
      },
      "metrics": {
        "environment": "cloudcode.vscode",
        "environment_version": "1.19.0"
      }
    }
  },
  "credential": {
    "access_token": "ya29.a0AeTM1idStrSSnnm-Tdb9kaXTBwQrFA_89xDKSjikEIYVvhBh_VXUoUOej4U501pltyzB4PosyiUqxkb35vRY6f0PINq7XisnQgWjaPofKtcVw6tDxxtXfkB1VpRGRvf7l698KJxCv7NgzxIf_96KzWzz0kiYUGEEyYQZC9jznGThfc_eFhzJwLyXA8B-2x5Y9ThrWnoNlORJxy8Y8ZE5bxgKTdWBvxGLrsQvgpklaCgYKAdASARISFQHWtWOm1hjlcQeBnLZatGa-gIAicg0239",
    "id_token": "eyJhbGciOiJSUzI1NiIsImtpZCI6IjU1MmRlMjdmNTE1NzM3NTM5NjAwZDg5YjllZTJlNGVkNTM1ZmI1MTkiLCJ0eXAiOiJKV1QifQ.eyJpc3MiOiJhY2NvdW50cy5nb29nbGUuY29tIiwiYXpwIjoiNjE4MTA0NzA4MDU0LTlyOXMxYzRhbGczNmVybGl1Y2hvOXQ1Mm4zMm42ZGdxLmFwcHMuZ29vZ2xldXNlcmNvbnRlbnQuY29tIiwiYXVkIjoiNjE4MTA0NzA4MDU0LTlyOXMxYzRhbGczNmVybGl1Y2hvOXQ1Mm4zMm42ZGdxLmFwcHMuZ29vZ2xldXNlcmNvbnRlbnQuY29tIiwic3ViIjoiMTAyNTAyNDE3MjkyMjQ3NTY1ODcyIiwiaGQiOiJieXVpLmVkdSIsImVtYWlsIjoiZ29uMTkwMDZAYnl1aS5lZHUiLCJlbWFpbF92ZXJpZmllZCI6dHJ1ZSwiYXRfaGFzaCI6Im9NRHBxRGE0cS1SaTlzbmpRbXVHVmciLCJpYXQiOjE2NzA1Njc3NTAsImV4cCI6MTY3MDU3MTM1MCwianRpIjoiNjgxOWVlMTI0NTBmMjcyNTM2NjNiMzI3MWU3ZDY0ZWVhYWYwMjAyZCJ9.tU86ibqD0-VsPDZa9ZGGbu6alFL8bEsXEG8PMAOfDriEI8_a4PIkl32ogEOCPq2JzY6SSSMf3F5u0AQTKknhOPtuVhaa-1Fe-v6I82mdBhSZFqKw8-kdm5yvAUrThvDN8gcWSUXFmccXyHXBFJcutmCXP0u2GHbvSRa5xgIkhAk4pp9ZaZckMJcwYW4f8-iQJFVWiNBIzf6cjFng-nlvpHuJKnjvkcIZvRuKJ-8FQRUjthkrhZC6UFVnNEfyc7K4WtYd2FKZSblExUEUhuQxvye9ydw2gccT8Q81dwW84DIlaYo_I44wQVovtB8BXeSi2VMWsziXWfIhH2xSU9AKaQ",
    "token_expiry": "2022-12-09T07:35:48Z"
  },
  "sentinels": {
    "config_sentinel": "/home/gon19006/.config/gcloud/config_sentinel"
  }
}
2022-12-09 07:31:48,947 INFO     ___FILE_ONLY___ 

2022-12-09 07:31:48,948 DEBUG    root            SDK update checks are disabled.
