2022-10-18 16:03:04,812 DEBUG    root            Loaded Command Group: ['gcloud', 'config']
2022-10-18 16:03:04,822 DEBUG    root            Loaded Command Group: ['gcloud', 'config', 'config_helper']
2022-10-18 16:03:04,826 DEBUG    root            Running [gcloud.config.config-helper] with arguments: [--format: "json"]
2022-10-18 16:03:09,865 DEBUG    google.auth.transport.requests Making request: GET http://metadata.google.internal/computeMetadata/v1/instance/service-accounts/gon19006@byui.edu/?recursive=true
2022-10-18 16:03:09,868 DEBUG    urllib3.connectionpool Starting new HTTP connection (1): metadata.google.internal:80
2022-10-18 16:03:09,871 DEBUG    urllib3.connectionpool http://metadata.google.internal:80 "GET /computeMetadata/v1/instance/service-accounts/gon19006@byui.edu/?recursive=true HTTP/1.1" 200 None
2022-10-18 16:03:09,872 DEBUG    google.auth.transport.requests Making request: GET http://metadata.google.internal/computeMetadata/v1/instance/service-accounts/gon19006@byui.edu/token
2022-10-18 16:03:09,874 DEBUG    urllib3.connectionpool Resetting dropped connection: metadata.google.internal
2022-10-18 16:03:09,876 DEBUG    urllib3.connectionpool http://metadata.google.internal:80 "GET /computeMetadata/v1/instance/service-accounts/gon19006@byui.edu/token HTTP/1.1" 200 None
2022-10-18 16:03:09,891 INFO     root            Display format: "default json"
2022-10-18 16:03:09,892 INFO     ___FILE_ONLY___ {
  "configuration": {
    "active_configuration": "default",
    "properties": {
      "accessibility": {
        "screen_reader": "True"
      },
      "component_manager": {
        "disable_update_check": "True"
      },
      "compute": {
        "gce_metadata_read_timeout_sec": "30"
      },
      "core": {
        "account": "gon19006@byui.edu",
        "disable_usage_reporting": "True"
      },
      "metrics": {
        "environment": "cloudcode.vscode",
        "environment_version": "1.19.0"
      }
    }
  },
  "credential": {
    "access_token": "ya29.a0Aa4xrXNoNhTx-ewV0GD156BfXBAnL8lyU5vK2gA6AOrjBS8si6vs4WFXELMYp1ixoGCljV2Nv3HG2YYbXrpDj0bfpvuxjCaUQ5iE8a_P3C4_uNW_iGDteekEOEyjX7efPuPy6TMebhqBjew7lNZ7q1sb-P8N6jD2NLvMNjGiYu0cziHMEMAe4GL-O7O0ekvYnYSv3x7vqzsre_1PwXTrUfM-Wk_bXlcXEjAVrLlThCPgEmg_1z2D6w21ysMkSbZwYqmLuzYaCgYKATASARISFQEjDvL9FdO-BqrP04C7nUTbajFc-w0270",
    "id_token": "eyJhbGciOiJSUzI1NiIsImtpZCI6Ijk1NTEwNGEzN2ZhOTAzZWQ4MGM1NzE0NWVjOWU4M2VkYjI5YjBjNDUiLCJ0eXAiOiJKV1QifQ.eyJpc3MiOiJhY2NvdW50cy5nb29nbGUuY29tIiwiYXpwIjoiNjE4MTA0NzA4MDU0LTlyOXMxYzRhbGczNmVybGl1Y2hvOXQ1Mm4zMm42ZGdxLmFwcHMuZ29vZ2xldXNlcmNvbnRlbnQuY29tIiwiYXVkIjoiNjE4MTA0NzA4MDU0LTlyOXMxYzRhbGczNmVybGl1Y2hvOXQ1Mm4zMm42ZGdxLmFwcHMuZ29vZ2xldXNlcmNvbnRlbnQuY29tIiwic3ViIjoiMTAyNTAyNDE3MjkyMjQ3NTY1ODcyIiwiaGQiOiJieXVpLmVkdSIsImVtYWlsIjoiZ29uMTkwMDZAYnl1aS5lZHUiLCJlbWFpbF92ZXJpZmllZCI6dHJ1ZSwiYXRfaGFzaCI6ImFsMm8xZUc1ODBtcW03b3FXbTdpb3ciLCJpYXQiOjE2NjYxMDg5MzEsImV4cCI6MTY2NjExMjUzMSwianRpIjoiZGM2ZmI1OTE0Y2E4N2IwMDU2Mzc3YjQ1YmJiMmIxNGM5MjA1NzkyMyJ9.GsQM1anDya4BGgEX9srZ_7PnbhO4O7aFcWk4WlXKEqtNt5nk4bwjrR-POfLONXAN5UrnvvrScDQJbjBNRnELcn7uRIri4TAsNBn0avOD0Xsw6VtL27tTHFYy2kMz107YjCv3ZXdd3SHY69s7uiLOb79-q27H-llwqxnQx2mPDHwbJDTLRtaoEy5V_R7EUyP2YZk3lt4bF32N9nVqEK4rckj98oWrkjI91hNC7ZYavgj-08u1BnkPTkJBaQUiI4s6_S2xCFpDmWbdeP-LGQNfFDObJGTxcq_voWMvzkudsMxTZra2-GFHPa4sYq2AQ3O9yvaBmSQMxI8SIg1bvRd3SQ",
    "token_expiry": "2022-10-18T17:02:09Z"
  },
  "sentinels": {
    "config_sentinel": "/home/gon19006/.config/gcloud/config_sentinel"
  }
}
2022-10-18 16:03:09,892 INFO     ___FILE_ONLY___ 

2022-10-18 16:03:09,892 DEBUG    root            SDK update checks are disabled.
