2022-11-10 16:33:10,360 DEBUG    root            Loaded Command Group: ['gcloud', 'config']
2022-11-10 16:33:10,363 DEBUG    root            Loaded Command Group: ['gcloud', 'config', 'config_helper']
2022-11-10 16:33:10,365 DEBUG    root            Running [gcloud.config.config-helper] with arguments: [--format: "json"]
2022-11-10 16:33:17,384 DEBUG    google.auth.transport.requests Making request: GET http://metadata.google.internal/computeMetadata/v1/instance/service-accounts/gon19006@byui.edu/?recursive=true
2022-11-10 16:33:17,388 DEBUG    urllib3.connectionpool Starting new HTTP connection (1): metadata.google.internal:80
2022-11-10 16:33:17,391 DEBUG    urllib3.connectionpool http://metadata.google.internal:80 "GET /computeMetadata/v1/instance/service-accounts/gon19006@byui.edu/?recursive=true HTTP/1.1" 200 None
2022-11-10 16:33:17,392 DEBUG    google.auth.transport.requests Making request: GET http://metadata.google.internal/computeMetadata/v1/instance/service-accounts/gon19006@byui.edu/token
2022-11-10 16:33:17,393 DEBUG    urllib3.connectionpool Resetting dropped connection: metadata.google.internal
2022-11-10 16:33:17,396 DEBUG    urllib3.connectionpool http://metadata.google.internal:80 "GET /computeMetadata/v1/instance/service-accounts/gon19006@byui.edu/token HTTP/1.1" 200 None
2022-11-10 16:33:17,409 INFO     root            Display format: "default json"
2022-11-10 16:33:17,410 INFO     ___FILE_ONLY___ {
  "configuration": {
    "active_configuration": "default",
    "properties": {
      "accessibility": {
        "screen_reader": "True"
      },
      "component_manager": {
        "disable_update_check": "True"
      },
      "compute": {
        "gce_metadata_read_timeout_sec": "30"
      },
      "core": {
        "account": "gon19006@byui.edu",
        "disable_usage_reporting": "True"
      },
      "metrics": {
        "environment": "cloudcode.vscode",
        "environment_version": "1.19.0"
      }
    }
  },
  "credential": {
    "access_token": "ya29.a0AeTM1icUgvXe7p66iT_rOK6GYjWdrSeRVzLs3Kdmfl3ZNIV0bU4DafdiPPTZV_KRHPDsUcB9woFStU4JIv2-GLqDNKd-06gCQIXQif-BUSzowTdT1cHKSA4fii5btdLo58m4NiFoJG1omRItDAuxcWkRto2-mb29aBlDmpfeIc6thhLEdw2VsUv6F9_uuwXi5V_uf6eT4u_-vTFGcvRrpNDk7Y71pXWS1p6QDnHzaByeziY47Bra-sc8EOYPoccdjSS7aYKJ3AaCgYKAS4SARISFQHWtWOmSSk9BaXndPPYK-CDhbSljw0273",
    "id_token": "eyJhbGciOiJSUzI1NiIsImtpZCI6ImY0NTEzNDVmYWQwODEwMWJmYjM0NWNmNjQyYTJkYTkyNjdiOWViZWIiLCJ0eXAiOiJKV1QifQ.eyJpc3MiOiJhY2NvdW50cy5nb29nbGUuY29tIiwiYXpwIjoiNjE4MTA0NzA4MDU0LTlyOXMxYzRhbGczNmVybGl1Y2hvOXQ1Mm4zMm42ZGdxLmFwcHMuZ29vZ2xldXNlcmNvbnRlbnQuY29tIiwiYXVkIjoiNjE4MTA0NzA4MDU0LTlyOXMxYzRhbGczNmVybGl1Y2hvOXQ1Mm4zMm42ZGdxLmFwcHMuZ29vZ2xldXNlcmNvbnRlbnQuY29tIiwic3ViIjoiMTAyNTAyNDE3MjkyMjQ3NTY1ODcyIiwiaGQiOiJieXVpLmVkdSIsImVtYWlsIjoiZ29uMTkwMDZAYnl1aS5lZHUiLCJlbWFpbF92ZXJpZmllZCI6dHJ1ZSwiYXRfaGFzaCI6ImZrNmNraHdCM1ZqbnpNdGpqVFpiV0EiLCJpYXQiOjE2NjgwOTc5NTksImV4cCI6MTY2ODEwMTU1OSwianRpIjoiN2E4MTRiODMwNTVmMmQwZGZjOGZmYzZiNTE3YjcxOWMyN2Q0MjdmNSJ9.U2HVNgNYyTY0Mo6nJaS0q6EvBlPNOcKmM1_ZfaQkVlWl2D5viwg9Qpw08dtfqPLw83lZk7zoC6amzPhq_SeWu4JP3i-LyNdL9sbk7NQjQ4f66NU4GMCSoyFNFJ4uj74snL_5BFbprxNbKOqb9m-OWdoVdPjuJuZbWsYXM22DHGyD9X7jpvfbEJPqpTLsG9H1WSQatOd7VLJH68VQoEgcMjCWU4HQSHgDBPmIcnvhg2RO3C2GnBclYlfo1eDyY6pzULHtwAiM4IsxVzImeqYq5yBGG0JHgMkSkcUB1b_X0cbIGn_z-ve-Jx4aZ-DE8HMVv8NfBUQM5BLSH3u-059-3Q",
    "token_expiry": "2022-11-10T17:32:36Z"
  },
  "sentinels": {
    "config_sentinel": "/home/gon19006/.config/gcloud/config_sentinel"
  }
}
2022-11-10 16:33:17,410 INFO     ___FILE_ONLY___ 

2022-11-10 16:33:17,411 DEBUG    root            SDK update checks are disabled.
