2022-11-10 17:32:56,734 DEBUG    root            Loaded Command Group: ['gcloud', 'config']
2022-11-10 17:32:56,737 DEBUG    root            Loaded Command Group: ['gcloud', 'config', 'config_helper']
2022-11-10 17:32:56,739 DEBUG    root            Running [gcloud.config.config-helper] with arguments: [--format: "json"]
2022-11-10 17:32:56,752 DEBUG    google.auth.transport.requests Making request: GET http://metadata.google.internal/computeMetadata/v1/instance/service-accounts/gon19006@byui.edu/?recursive=true
2022-11-10 17:32:56,754 DEBUG    urllib3.connectionpool Starting new HTTP connection (1): metadata.google.internal:80
2022-11-10 17:32:56,757 DEBUG    urllib3.connectionpool http://metadata.google.internal:80 "GET /computeMetadata/v1/instance/service-accounts/gon19006@byui.edu/?recursive=true HTTP/1.1" 200 None
2022-11-10 17:32:56,758 DEBUG    google.auth.transport.requests Making request: GET http://metadata.google.internal/computeMetadata/v1/instance/service-accounts/gon19006@byui.edu/token
2022-11-10 17:32:56,760 DEBUG    urllib3.connectionpool Resetting dropped connection: metadata.google.internal
2022-11-10 17:32:56,762 DEBUG    urllib3.connectionpool http://metadata.google.internal:80 "GET /computeMetadata/v1/instance/service-accounts/gon19006@byui.edu/token HTTP/1.1" 200 None
2022-11-10 17:32:56,776 INFO     root            Display format: "default json"
2022-11-10 17:32:56,777 INFO     ___FILE_ONLY___ {
  "configuration": {
    "active_configuration": "default",
    "properties": {
      "accessibility": {
        "screen_reader": "True"
      },
      "component_manager": {
        "disable_update_check": "True"
      },
      "compute": {
        "gce_metadata_read_timeout_sec": "30"
      },
      "core": {
        "account": "gon19006@byui.edu",
        "disable_usage_reporting": "True"
      },
      "metrics": {
        "environment": "cloudcode.vscode",
        "environment_version": "1.19.0"
      }
    }
  },
  "credential": {
    "access_token": "ya29.a0AeTM1idqYJvLUgnLqBjMxdxozjW6eslxGemVkrsLG2-tYxCK8YtpSVHBrjlZcdpmb2CloRpcRkQs8HaeW8a_vIf6jTry0y_alBmqiyK6-Ghz3sdUWsBoheEM0qMI0rY0ts3_VsmZK9kV5cd5VktBKCbRdmqLC0mS-TrerWe2UCoCZ5ThO6CjkC_XH5tDSeYAsajh1jkK_bL9rKVq6VsNbc0cnYwDtCV9YPPqgQDhHfZNKJbbb4FXw-JbRx_fqZAROZ7gMQ36ogaCgYKAd0SARISFQHWtWOmRQy9SJB0r-JotCNGV8LWBw0273",
    "id_token": "eyJhbGciOiJSUzI1NiIsImtpZCI6ImY0NTEzNDVmYWQwODEwMWJmYjM0NWNmNjQyYTJkYTkyNjdiOWViZWIiLCJ0eXAiOiJKV1QifQ.eyJpc3MiOiJhY2NvdW50cy5nb29nbGUuY29tIiwiYXpwIjoiNjE4MTA0NzA4MDU0LTlyOXMxYzRhbGczNmVybGl1Y2hvOXQ1Mm4zMm42ZGdxLmFwcHMuZ29vZ2xldXNlcmNvbnRlbnQuY29tIiwiYXVkIjoiNjE4MTA0NzA4MDU0LTlyOXMxYzRhbGczNmVybGl1Y2hvOXQ1Mm4zMm42ZGdxLmFwcHMuZ29vZ2xldXNlcmNvbnRlbnQuY29tIiwic3ViIjoiMTAyNTAyNDE3MjkyMjQ3NTY1ODcyIiwiaGQiOiJieXVpLmVkdSIsImVtYWlsIjoiZ29uMTkwMDZAYnl1aS5lZHUiLCJlbWFpbF92ZXJpZmllZCI6dHJ1ZSwiYXRfaGFzaCI6InZuN1hMTzlmaU91SlZwQTJDVUp3R3ciLCJpYXQiOjE2NjgxMDE1MDAsImV4cCI6MTY2ODEwNTEwMCwianRpIjoiMjQ4YjE0OTNkY2YzMmI1MTE2NDU1NTUyNGY3MWUyNDEyYTMzYmY4YiJ9.EeluX9yC1ghZid1KoxB4rBWQmNPiqIzTbqrPGjdLM2up34AVverL3Zb-mA3ALjgq7hBo6SMkOBApj0mKs5h70ZsdltIAhHw8s-UiJ5dFls6t0J1bKmc8-PIWaf48e-T-8ge6WvHk_qMkY2mndZBsHoL8R-Hvegno_X_HUfWTyQVKaDOWGu1JMgEH3wrAKH8I6qAuihdUnAnQeExqX6Zh3Lvb_oj2-VQco6G7-UFHppx2LRz7k1hQV6ZV-AigeLTZEce9W20xL5UPCDeN3alxYajegeLz-bnKfdKNyvQZ3kT50Atk5x81WB_BmiRHjiyqwJz7Wfdhq6_vJYDtNnpogQ",
    "token_expiry": "2022-11-10T18:31:38Z"
  },
  "sentinels": {
    "config_sentinel": "/home/gon19006/.config/gcloud/config_sentinel"
  }
}
2022-11-10 17:32:56,777 INFO     ___FILE_ONLY___ 

2022-11-10 17:32:56,777 DEBUG    root            SDK update checks are disabled.
