2022-11-17 17:03:38,767 DEBUG    root            Loaded Command Group: ['gcloud', 'config']
2022-11-17 17:03:38,775 DEBUG    root            Loaded Command Group: ['gcloud', 'config', 'config_helper']
2022-11-17 17:03:38,778 DEBUG    root            Running [gcloud.config.config-helper] with arguments: [--format: "json"]
2022-11-17 17:03:42,799 DEBUG    google.auth.transport.requests Making request: GET http://metadata.google.internal/computeMetadata/v1/instance/service-accounts/gon19006@byui.edu/?recursive=true
2022-11-17 17:03:42,803 DEBUG    urllib3.connectionpool Starting new HTTP connection (1): metadata.google.internal:80
2022-11-17 17:03:42,806 DEBUG    urllib3.connectionpool http://metadata.google.internal:80 "GET /computeMetadata/v1/instance/service-accounts/gon19006@byui.edu/?recursive=true HTTP/1.1" 200 None
2022-11-17 17:03:42,807 DEBUG    google.auth.transport.requests Making request: GET http://metadata.google.internal/computeMetadata/v1/instance/service-accounts/gon19006@byui.edu/token
2022-11-17 17:03:42,809 DEBUG    urllib3.connectionpool Resetting dropped connection: metadata.google.internal
2022-11-17 17:03:42,812 DEBUG    urllib3.connectionpool http://metadata.google.internal:80 "GET /computeMetadata/v1/instance/service-accounts/gon19006@byui.edu/token HTTP/1.1" 200 None
2022-11-17 17:03:42,827 INFO     root            Display format: "default json"
2022-11-17 17:03:42,827 INFO     ___FILE_ONLY___ {
  "configuration": {
    "active_configuration": "default",
    "properties": {
      "accessibility": {
        "screen_reader": "True"
      },
      "component_manager": {
        "disable_update_check": "True"
      },
      "compute": {
        "gce_metadata_read_timeout_sec": "30"
      },
      "core": {
        "account": "gon19006@byui.edu",
        "disable_usage_reporting": "True"
      },
      "metrics": {
        "environment": "cloudcode.vscode",
        "environment_version": "1.19.0"
      }
    }
  },
  "credential": {
    "access_token": "ya29.a0AeTM1ieAHeq2ri0PCutwGSHaEPX5qh6FF6jXJtKDQoL7osDheQQMzH9_7F3FR9z9xIpl80KBghNjzXTIREnFAp-kBVUvofc7LzbsBzIoQtVxBVkbXyBQ9Jdpv2n6murPbrYR6cR5BRwsiCh0WrVHPlCQiN1dRWpciD7nhMkdnZ5i8GSyEFUsXFfZJqVPuL52IyPV6IoivB8VT-v5SJixIRsBDPAMsvX-WKOhAFUcfBdUNclHDlUjhr0MqysFTb75oZSik1gQdgaCgYKAQcSARISFQHWtWOmBVXoNPrsdd3Pp6p5cBSsMA0273",
    "id_token": "eyJhbGciOiJSUzI1NiIsImtpZCI6IjcxM2ZkNjhjOTY2ZTI5MzgwOTgxZWRjMDE2NGEyZjZjMDZjNTcwMmEiLCJ0eXAiOiJKV1QifQ.eyJpc3MiOiJhY2NvdW50cy5nb29nbGUuY29tIiwiYXpwIjoiNjE4MTA0NzA4MDU0LTlyOXMxYzRhbGczNmVybGl1Y2hvOXQ1Mm4zMm42ZGdxLmFwcHMuZ29vZ2xldXNlcmNvbnRlbnQuY29tIiwiYXVkIjoiNjE4MTA0NzA4MDU0LTlyOXMxYzRhbGczNmVybGl1Y2hvOXQ1Mm4zMm42ZGdxLmFwcHMuZ29vZ2xldXNlcmNvbnRlbnQuY29tIiwic3ViIjoiMTAyNTAyNDE3MjkyMjQ3NTY1ODcyIiwiaGQiOiJieXVpLmVkdSIsImVtYWlsIjoiZ29uMTkwMDZAYnl1aS5lZHUiLCJlbWFpbF92ZXJpZmllZCI6dHJ1ZSwiYXRfaGFzaCI6IkxqMTFTR3FYS05kNU94RU1VbE84eEEiLCJpYXQiOjE2Njg3MDQyNDEsImV4cCI6MTY2ODcwNzg0MSwianRpIjoiNjhmY2Y2YmM0MDQ5YmU2OGE1Y2RkYTY2NDNkM2M0NzY3ZmZlMGE3ZCJ9.mSoj03tLfmXebHhz3Wq2uOV2zORsRs6N2Uk7A7_jYMCI0nUQzD0bIcwgf-eHhg6Iu5dTMTutOZWI03a0O9bpKXNo7ohNma0DSaWzqGDQgL69glKVdJBFZUQBZh2pcBoNQV6jwyGZEqp0GUPIgzzDhy52465QJdAJYcx5icrP7ADuJYQjmX2tOhGk7L5KaZHiTP-hQNE8S_Q1dMtR-ii4DtxcPLkaHsUCUF_CBHenRsYgg4WprRT11QV4L63HM19AIi-YeJz2B_ITDyIdEeCCprPvNmS4VxwWun-B_jL3t2-rYN-iuNoGOc2IGmem9bAYvfBw1IjUHePzt1MjROrpaA",
    "token_expiry": "2022-11-17T17:57:19Z"
  },
  "sentinels": {
    "config_sentinel": "/home/gon19006/.config/gcloud/config_sentinel"
  }
}
2022-11-17 17:03:42,828 INFO     ___FILE_ONLY___ 

2022-11-17 17:03:42,828 DEBUG    root            SDK update checks are disabled.
