2022-07-14 02:16:14,235 DEBUG    root            Loaded Command Group: ['gcloud', 'config']
2022-07-14 02:16:14,242 DEBUG    root            Loaded Command Group: ['gcloud', 'config', 'config_helper']
2022-07-14 02:16:14,247 DEBUG    root            Running [gcloud.config.config-helper] with arguments: [--format: "json"]
2022-07-14 02:16:17,272 DEBUG    google.auth.transport.requests Making request: GET http://metadata.google.internal/computeMetadata/v1/instance/service-accounts/gon19006@byui.edu/?recursive=true
2022-07-14 02:16:17,274 DEBUG    urllib3.connectionpool Starting new HTTP connection (1): metadata.google.internal:80
2022-07-14 02:16:17,277 DEBUG    urllib3.connectionpool http://metadata.google.internal:80 "GET /computeMetadata/v1/instance/service-accounts/gon19006@byui.edu/?recursive=true HTTP/1.1" 200 None
2022-07-14 02:16:17,278 DEBUG    google.auth.transport.requests Making request: GET http://metadata.google.internal/computeMetadata/v1/instance/service-accounts/gon19006@byui.edu/token
2022-07-14 02:16:17,280 DEBUG    urllib3.connectionpool Resetting dropped connection: metadata.google.internal
2022-07-14 02:16:17,282 DEBUG    urllib3.connectionpool http://metadata.google.internal:80 "GET /computeMetadata/v1/instance/service-accounts/gon19006@byui.edu/token HTTP/1.1" 200 None
2022-07-14 02:16:17,297 INFO     root            Display format: "default json"
2022-07-14 02:16:17,298 INFO     ___FILE_ONLY___ {
  "configuration": {
    "active_configuration": "default",
    "properties": {
      "accessibility": {
        "screen_reader": "True"
      },
      "component_manager": {
        "disable_update_check": "True"
      },
      "compute": {
        "gce_metadata_read_timeout_sec": "30"
      },
      "core": {
        "account": "gon19006@byui.edu",
        "disable_usage_reporting": "True"
      },
      "metrics": {
        "environment": "cloudcode.vscode",
        "environment_version": "1.18.3"
      }
    }
  },
  "credential": {
    "access_token": "ya29.A0AVA9y1syOLxzLTJ7Wb43KIQn-_L1ZWyecLfCEBAW5IV6-30rb3I-cuNYIfB75vxHWtwI9U9EyPvnPNc63Myy4ZDnZtbMUS-Wz1KTGKceAA3a7yiSMv0zQ_-aQ7Yag4nF6jcUyYOP1G1DfLvAsS2VCudlqFacnj0G7CbUsDT6QK9CoxX2VX6Chht1noubghGxiI4jxSTOlSCqNwJue_Vm2bo5wm34g1Vf4IHiZPguB31ryGFSCvevPO-ACFspW-VUiZj01_cYUNnWUtBVEFTQVRBU0ZRRTY1ZHI4ZmpFcUszc0tHb1N2NWtMb3BSaTJFZw0270",
    "id_token": "eyJhbGciOiJSUzI1NiIsImtpZCI6IjFiZDY4NWY1ZThmYzYyZDc1ODcwNWMxZWIwZThhNzUyNGM0NzU5NzUiLCJ0eXAiOiJKV1QifQ.eyJpc3MiOiJhY2NvdW50cy5nb29nbGUuY29tIiwiYXpwIjoiNjE4MTA0NzA4MDU0LTlyOXMxYzRhbGczNmVybGl1Y2hvOXQ1Mm4zMm42ZGdxLmFwcHMuZ29vZ2xldXNlcmNvbnRlbnQuY29tIiwiYXVkIjoiNjE4MTA0NzA4MDU0LTlyOXMxYzRhbGczNmVybGl1Y2hvOXQ1Mm4zMm42ZGdxLmFwcHMuZ29vZ2xldXNlcmNvbnRlbnQuY29tIiwic3ViIjoiMTAyNTAyNDE3MjkyMjQ3NTY1ODcyIiwiaGQiOiJieXVpLmVkdSIsImVtYWlsIjoiZ29uMTkwMDZAYnl1aS5lZHUiLCJlbWFpbF92ZXJpZmllZCI6dHJ1ZSwiYXRfaGFzaCI6IkJqZnl3T2k2WC1HVGJHbGlVbWRYbXciLCJpYXQiOjE2NTc3NjQ5MDMsImV4cCI6MTY1Nzc2ODUwMywianRpIjoiOTUxOTcwMmZjODZlZmYzMWI2ZGIxY2YzM2VkMjYwMzhlNjZkMTViYiJ9.LT1NtrQa_PYgpXEs0Rkg3UHp12g7rZHz2DPEnMkzi-llsA4WxCukPF9UbB7Q-1ey5Qu65wAdGBhRvUrQDOyEXm5cJsTYVAGpQg3ysofxOlL_LPBIS5uygO-QyMlKIh9aSVKhMh6oy63feDNxvuu1KFkqzcI1xpheGcUL2BwNWu_SIiGkDDYE6D1AFb3YLrHNZ-oedUVHogPeP5QxBKD9pUx9YHXePt_Sq3Z_Cm60kBuBmzINEV2z9zcgn73ouaMbReaiQTttdVqWukCZGe9h9_eKmozN2ruXM7Ztk7Kc95u35M7fJCaG6JsrHwWSFbq8exnDygbuyi-vSCkIuAYgIg",
    "token_expiry": "2022-07-14T03:15:00Z"
  },
  "sentinels": {
    "config_sentinel": "/home/gon19006/.config/gcloud/config_sentinel"
  }
}
2022-07-14 02:16:17,298 INFO     ___FILE_ONLY___ 

2022-07-14 02:16:17,299 DEBUG    root            SDK update checks are disabled.
